POST	/v1/%UUID%/qos-specs
##create_test_qos_specs##
POST	/v1/%UUID%/qos-specs
##test_associate_disassociate_qos##
POST	/v1/%UUID%/types
POST	/v1/%UUID%/types
POST	/v1/%UUID%/types
GET	/v1/%UUID%/qos-specs/%UUID%/associate
GET	/v1/%UUID%/qos-specs/%UUID%/associate
GET	/v1/%UUID%/qos-specs/%UUID%/associate
GET	/v1/%UUID%/qos-specs/%UUID%/associations
GET	/v1/%UUID%/qos-specs/%UUID%/disassociate
GET	/v1/%UUID%/qos-specs/%UUID%/associations
GET	/v1/%UUID%/qos-specs/%UUID%/associations
GET	/v1/%UUID%/qos-specs/%UUID%/disassociate_all
GET	/v1/%UUID%/qos-specs/%UUID%/associations
GET	/v1/%UUID%/qos-specs/%UUID%/associations
DELETE	/v1/%UUID%/types/%UUID%
DELETE	/v1/%UUID%/types/%UUID%
DELETE	/v1/%UUID%/types/%UUID%
##test_create_delete_qos_with_back_end_consumer##
POST	/v1/%UUID%/qos-specs
DELETE	/v1/%UUID%/qos-specs/%UUID%
GET	/v1/%UUID%/qos-specs/%UUID%
GET	/v1/%UUID%/qos-specs
##test_create_delete_qos_with_both_consumer##
POST	/v1/%UUID%/qos-specs
DELETE	/v1/%UUID%/qos-specs/%UUID%
GET	/v1/%UUID%/qos-specs/%UUID%
GET	/v1/%UUID%/qos-specs
##test_create_delete_qos_with_front_end_consumer##
POST	/v1/%UUID%/qos-specs
DELETE	/v1/%UUID%/qos-specs/%UUID%
GET	/v1/%UUID%/qos-specs/%UUID%
GET	/v1/%UUID%/qos-specs
##test_get_qos##
GET	/v1/%UUID%/qos-specs/%UUID%
##test_list_qos##
GET	/v1/%UUID%/qos-specs
##test_set_unset_qos_key##
PUT	/v1/%UUID%/qos-specs/%UUID%
GET	/v1/%UUID%/qos-specs/%UUID%
PUT	/v1/%UUID%/qos-specs/%UUID%/delete_keys
GET	/v1/%UUID%/qos-specs/%UUID%
GET	/v1/%UUID%/qos-specs/%UUID%
DELETE	/v1/%UUID%/qos-specs/%UUID%
DELETE	/v1/%UUID%/qos-specs/%UUID%
DELETE	/v1/%UUID%/qos-specs/%UUID%
DELETE	/v1/%UUID%/qos-specs/%UUID%
DELETE	/v1/%UUID%/qos-specs/%UUID%
GET	/v1/%UUID%/qos-specs/%UUID%
GET	/v1/%UUID%/qos-specs/%UUID%
GET	/v1/%UUID%/qos-specs/%UUID%
GET	/v1/%UUID%/qos-specs/%UUID%
GET	/v1/%UUID%/qos-specs/%UUID%
POST	/v2/%UUID%/qos-specs
##create_test_qos_specs##
POST	/v2/%UUID%/qos-specs
##test_associate_disassociate_qos##
POST	/v2/%UUID%/types
POST	/v2/%UUID%/types
POST	/v2/%UUID%/types
GET	/v2/%UUID%/qos-specs/%UUID%/associate
GET	/v2/%UUID%/qos-specs/%UUID%/associate
GET	/v2/%UUID%/qos-specs/%UUID%/associate
GET	/v2/%UUID%/qos-specs/%UUID%/associations
GET	/v2/%UUID%/qos-specs/%UUID%/disassociate
GET	/v2/%UUID%/qos-specs/%UUID%/associations
GET	/v2/%UUID%/qos-specs/%UUID%/associations
GET	/v2/%UUID%/qos-specs/%UUID%/disassociate_all
GET	/v2/%UUID%/qos-specs/%UUID%/associations
GET	/v2/%UUID%/qos-specs/%UUID%/associations
DELETE	/v2/%UUID%/types/%UUID%
DELETE	/v2/%UUID%/types/%UUID%
DELETE	/v2/%UUID%/types/%UUID%
##test_create_delete_qos_with_back_end_consumer##
POST	/v2/%UUID%/qos-specs
DELETE	/v2/%UUID%/qos-specs/%UUID%
GET	/v2/%UUID%/qos-specs/%UUID%
GET	/v2/%UUID%/qos-specs
##test_create_delete_qos_with_both_consumer##
POST	/v2/%UUID%/qos-specs
DELETE	/v2/%UUID%/qos-specs/%UUID%
GET	/v2/%UUID%/qos-specs/%UUID%
GET	/v2/%UUID%/qos-specs
##test_create_delete_qos_with_front_end_consumer##
POST	/v2/%UUID%/qos-specs
DELETE	/v2/%UUID%/qos-specs/%UUID%
GET	/v2/%UUID%/qos-specs/%UUID%
GET	/v2/%UUID%/qos-specs
##test_get_qos##
GET	/v2/%UUID%/qos-specs/%UUID%
##test_list_qos##
GET	/v2/%UUID%/qos-specs
##test_set_unset_qos_key##
PUT	/v2/%UUID%/qos-specs/%UUID%
GET	/v2/%UUID%/qos-specs/%UUID%
PUT	/v2/%UUID%/qos-specs/%UUID%/delete_keys
GET	/v2/%UUID%/qos-specs/%UUID%
GET	/v2/%UUID%/qos-specs/%UUID%
DELETE	/v2/%UUID%/qos-specs/%UUID%
DELETE	/v2/%UUID%/qos-specs/%UUID%
DELETE	/v2/%UUID%/qos-specs/%UUID%
DELETE	/v2/%UUID%/qos-specs/%UUID%
DELETE	/v2/%UUID%/qos-specs/%UUID%
GET	/v2/%UUID%/qos-specs/%UUID%
GET	/v2/%UUID%/qos-specs/%UUID%
GET	/v2/%UUID%/qos-specs/%UUID%
GET	/v2/%UUID%/qos-specs/%UUID%
GET	/v2/%UUID%/qos-specs/%UUID%
POST	/v1/%UUID%/volumes
GET	/v1/%UUID%/volumes/%UUID%
GET	/v1/%UUID%/volumes/%UUID%
GET	/v1/%UUID%/volumes/%UUID%
GET	/v1/%UUID%/volumes/%UUID%
GET	/v1/%UUID%/volumes/%UUID%
GET	/v1/%UUID%/volumes/%UUID%
POST	/v1/%UUID%/snapshots
GET	/v1/%UUID%/snapshots/%UUID%
GET	/v1/%UUID%/snapshots/%UUID%
GET	/v1/%UUID%/snapshots/%UUID%
GET	/v1/%UUID%/snapshots/%UUID%
GET	/v1/%UUID%/snapshots/%UUID%
##create_test_qos_specs##
POST	/v1/%UUID%/qos-specs
POST	/v1/%UUID%/snapshots/%UUID%/action
##test_reset_snapshot_status##
POST	/v1/%UUID%/snapshots/%UUID%/action
GET	/v1/%UUID%/snapshots/%UUID%
POST	/v1/%UUID%/snapshots/%UUID%/action
##test_snapshot_force_delete_when_snapshot_is_creating##
POST	/v1/%UUID%/snapshots
GET	/v1/%UUID%/snapshots/%UUID%
GET	/v1/%UUID%/snapshots/%UUID%
GET	/v1/%UUID%/snapshots/%UUID%
GET	/v1/%UUID%/snapshots/%UUID%
POST	/v1/%UUID%/snapshots/%UUID%/action
POST	/v1/%UUID%/snapshots/%UUID%/action
GET	/v1/%UUID%/snapshots/%UUID%
GET	/v1/%UUID%/snapshots/%UUID%
GET	/v1/%UUID%/snapshots/%UUID%
GET	/v1/%UUID%/snapshots/%UUID%
GET	/v1/%UUID%/snapshots/%UUID%
GET	/v1/%UUID%/snapshots/%UUID%
GET	/v1/%UUID%/snapshots/%UUID%
GET	/v1/%UUID%/snapshots/%UUID%
GET	/v1/%UUID%/snapshots/%UUID%
GET	/v1/%UUID%/snapshots/%UUID%
GET	/v1/%UUID%/snapshots/%UUID%
GET	/v1/%UUID%/snapshots/%UUID%
GET	/v1/%UUID%/snapshots/%UUID%
GET	/v1/%UUID%/snapshots/%UUID%
GET	/v1/%UUID%/snapshots/%UUID%
GET	/v1/%UUID%/snapshots/%UUID%
GET	/v1/%UUID%/snapshots/%UUID%
GET	/v1/%UUID%/snapshots/%UUID%
GET	/v1/%UUID%/snapshots/%UUID%
GET	/v1/%UUID%/snapshots/%UUID%
GET	/v1/%UUID%/snapshots/%UUID%
GET	/v1/%UUID%/snapshots/%UUID%
GET	/v1/%UUID%/snapshots/%UUID%
GET	/v1/%UUID%/snapshots/%UUID%
GET	/v1/%UUID%/snapshots/%UUID%
GET	/v1/%UUID%/snapshots/%UUID%
GET	/v1/%UUID%/snapshots/%UUID%
GET	/v1/%UUID%/snapshots/%UUID%
GET	/v1/%UUID%/snapshots/%UUID%
GET	/v1/%UUID%/snapshots/%UUID%
GET	/v1/%UUID%/snapshots/%UUID%
GET	/v1/%UUID%/snapshots/%UUID%
GET	/v1/%UUID%/snapshots/%UUID%
GET	/v1/%UUID%/snapshots/%UUID%
GET	/v1/%UUID%/snapshots/%UUID%
GET	/v1/%UUID%/snapshots/%UUID%
GET	/v1/%UUID%/snapshots/%UUID%
POST	/v1/%UUID%/snapshots/%UUID%/action
##test_snapshot_force_delete_when_snapshot_is_deleting##
POST	/v1/%UUID%/snapshots
GET	/v1/%UUID%/snapshots/%UUID%
GET	/v1/%UUID%/snapshots/%UUID%
GET	/v1/%UUID%/snapshots/%UUID%
GET	/v1/%UUID%/snapshots/%UUID%
GET	/v1/%UUID%/snapshots/%UUID%
POST	/v1/%UUID%/snapshots/%UUID%/action
POST	/v1/%UUID%/snapshots/%UUID%/action
GET	/v1/%UUID%/snapshots/%UUID%
GET	/v1/%UUID%/snapshots/%UUID%
GET	/v1/%UUID%/snapshots/%UUID%
GET	/v1/%UUID%/snapshots/%UUID%
GET	/v1/%UUID%/snapshots/%UUID%
GET	/v1/%UUID%/snapshots/%UUID%
GET	/v1/%UUID%/snapshots/%UUID%
GET	/v1/%UUID%/snapshots/%UUID%
GET	/v1/%UUID%/snapshots/%UUID%
GET	/v1/%UUID%/snapshots/%UUID%
GET	/v1/%UUID%/snapshots/%UUID%
GET	/v1/%UUID%/snapshots/%UUID%
GET	/v1/%UUID%/snapshots/%UUID%
GET	/v1/%UUID%/snapshots/%UUID%
GET	/v1/%UUID%/snapshots/%UUID%
GET	/v1/%UUID%/snapshots/%UUID%
GET	/v1/%UUID%/snapshots/%UUID%
GET	/v1/%UUID%/snapshots/%UUID%
GET	/v1/%UUID%/snapshots/%UUID%
GET	/v1/%UUID%/snapshots/%UUID%
GET	/v1/%UUID%/snapshots/%UUID%
GET	/v1/%UUID%/snapshots/%UUID%
GET	/v1/%UUID%/snapshots/%UUID%
GET	/v1/%UUID%/snapshots/%UUID%
GET	/v1/%UUID%/snapshots/%UUID%
GET	/v1/%UUID%/snapshots/%UUID%
GET	/v1/%UUID%/snapshots/%UUID%
GET	/v1/%UUID%/snapshots/%UUID%
GET	/v1/%UUID%/snapshots/%UUID%
GET	/v1/%UUID%/snapshots/%UUID%
GET	/v1/%UUID%/snapshots/%UUID%
GET	/v1/%UUID%/snapshots/%UUID%
GET	/v1/%UUID%/snapshots/%UUID%
GET	/v1/%UUID%/snapshots/%UUID%
GET	/v1/%UUID%/snapshots/%UUID%
GET	/v1/%UUID%/snapshots/%UUID%
GET	/v1/%UUID%/snapshots/%UUID%
GET	/v1/%UUID%/snapshots/%UUID%
GET	/v1/%UUID%/snapshots/%UUID%
GET	/v1/%UUID%/snapshots/%UUID%
GET	/v1/%UUID%/snapshots/%UUID%
GET	/v1/%UUID%/snapshots/%UUID%
POST	/v1/%UUID%/snapshots/%UUID%/action
##test_snapshot_force_delete_when_snapshot_is_error##
POST	/v1/%UUID%/snapshots
GET	/v1/%UUID%/snapshots/%UUID%
GET	/v1/%UUID%/snapshots/%UUID%
POST	/v1/%UUID%/snapshots/%UUID%/action
POST	/v1/%UUID%/snapshots/%UUID%/action
GET	/v1/%UUID%/snapshots/%UUID%
GET	/v1/%UUID%/snapshots/%UUID%
GET	/v1/%UUID%/snapshots/%UUID%
GET	/v1/%UUID%/snapshots/%UUID%
GET	/v1/%UUID%/snapshots/%UUID%
GET	/v1/%UUID%/snapshots/%UUID%
GET	/v1/%UUID%/snapshots/%UUID%
GET	/v1/%UUID%/snapshots/%UUID%
GET	/v1/%UUID%/snapshots/%UUID%
GET	/v1/%UUID%/snapshots/%UUID%
GET	/v1/%UUID%/snapshots/%UUID%
GET	/v1/%UUID%/snapshots/%UUID%
GET	/v1/%UUID%/snapshots/%UUID%
GET	/v1/%UUID%/snapshots/%UUID%
GET	/v1/%UUID%/snapshots/%UUID%
GET	/v1/%UUID%/snapshots/%UUID%
GET	/v1/%UUID%/snapshots/%UUID%
GET	/v1/%UUID%/snapshots/%UUID%
GET	/v1/%UUID%/snapshots/%UUID%
GET	/v1/%UUID%/snapshots/%UUID%
GET	/v1/%UUID%/snapshots/%UUID%
GET	/v1/%UUID%/snapshots/%UUID%
GET	/v1/%UUID%/snapshots/%UUID%
GET	/v1/%UUID%/snapshots/%UUID%
GET	/v1/%UUID%/snapshots/%UUID%
GET	/v1/%UUID%/snapshots/%UUID%
GET	/v1/%UUID%/snapshots/%UUID%
GET	/v1/%UUID%/snapshots/%UUID%
GET	/v1/%UUID%/snapshots/%UUID%
GET	/v1/%UUID%/snapshots/%UUID%
GET	/v1/%UUID%/snapshots/%UUID%
GET	/v1/%UUID%/snapshots/%UUID%
GET	/v1/%UUID%/snapshots/%UUID%
GET	/v1/%UUID%/snapshots/%UUID%
GET	/v1/%UUID%/snapshots/%UUID%
POST	/v1/%UUID%/snapshots/%UUID%/action
##test_snapshot_force_delete_when_snapshot_is_error_deleting##
POST	/v1/%UUID%/snapshots
GET	/v1/%UUID%/snapshots/%UUID%
GET	/v1/%UUID%/snapshots/%UUID%
POST	/v1/%UUID%/snapshots/%UUID%/action
POST	/v1/%UUID%/snapshots/%UUID%/action
GET	/v1/%UUID%/snapshots/%UUID%
GET	/v1/%UUID%/snapshots/%UUID%
GET	/v1/%UUID%/snapshots/%UUID%
GET	/v1/%UUID%/snapshots/%UUID%
GET	/v1/%UUID%/snapshots/%UUID%
GET	/v1/%UUID%/snapshots/%UUID%
GET	/v1/%UUID%/snapshots/%UUID%
GET	/v1/%UUID%/snapshots/%UUID%
GET	/v1/%UUID%/snapshots/%UUID%
GET	/v1/%UUID%/snapshots/%UUID%
GET	/v1/%UUID%/snapshots/%UUID%
GET	/v1/%UUID%/snapshots/%UUID%
GET	/v1/%UUID%/snapshots/%UUID%
GET	/v1/%UUID%/snapshots/%UUID%
GET	/v1/%UUID%/snapshots/%UUID%
GET	/v1/%UUID%/snapshots/%UUID%
GET	/v1/%UUID%/snapshots/%UUID%
GET	/v1/%UUID%/snapshots/%UUID%
GET	/v1/%UUID%/snapshots/%UUID%
GET	/v1/%UUID%/snapshots/%UUID%
GET	/v1/%UUID%/snapshots/%UUID%
GET	/v1/%UUID%/snapshots/%UUID%
GET	/v1/%UUID%/snapshots/%UUID%
GET	/v1/%UUID%/snapshots/%UUID%
GET	/v1/%UUID%/snapshots/%UUID%
GET	/v1/%UUID%/snapshots/%UUID%
GET	/v1/%UUID%/snapshots/%UUID%
GET	/v1/%UUID%/snapshots/%UUID%
GET	/v1/%UUID%/snapshots/%UUID%
GET	/v1/%UUID%/snapshots/%UUID%
GET	/v1/%UUID%/snapshots/%UUID%
POST	/v1/%UUID%/snapshots/%UUID%/action
##test_update_snapshot_status##
POST	/v1/%UUID%/snapshots/%UUID%/action
POST	/v1/%UUID%/snapshots/%UUID%/action
GET	/v1/%UUID%/snapshots/%UUID%
POST	/v1/%UUID%/snapshots/%UUID%/action
DELETE	/v1/%UUID%/snapshots/%UUID%
GET	/v1/%UUID%/snapshots/%UUID%
GET	/v1/%UUID%/snapshots/%UUID%
GET	/v1/%UUID%/snapshots/%UUID%
GET	/v1/%UUID%/snapshots/%UUID%
GET	/v1/%UUID%/snapshots/%UUID%
GET	/v1/%UUID%/snapshots/%UUID%
GET	/v1/%UUID%/snapshots/%UUID%
GET	/v1/%UUID%/snapshots/%UUID%
GET	/v1/%UUID%/snapshots/%UUID%
GET	/v1/%UUID%/snapshots/%UUID%
GET	/v1/%UUID%/snapshots/%UUID%
GET	/v1/%UUID%/snapshots/%UUID%
GET	/v1/%UUID%/snapshots/%UUID%
GET	/v1/%UUID%/snapshots/%UUID%
GET	/v1/%UUID%/snapshots/%UUID%
GET	/v1/%UUID%/snapshots/%UUID%
GET	/v1/%UUID%/snapshots/%UUID%
GET	/v1/%UUID%/snapshots/%UUID%
GET	/v1/%UUID%/snapshots/%UUID%
GET	/v1/%UUID%/snapshots/%UUID%
GET	/v1/%UUID%/snapshots/%UUID%
GET	/v1/%UUID%/snapshots/%UUID%
GET	/v1/%UUID%/snapshots/%UUID%
GET	/v1/%UUID%/snapshots/%UUID%
GET	/v1/%UUID%/snapshots/%UUID%
GET	/v1/%UUID%/snapshots/%UUID%
DELETE	/v1/%UUID%/volumes/%UUID%
GET	/v1/%UUID%/volumes/%UUID%
GET	/v1/%UUID%/volumes/%UUID%
GET	/v1/%UUID%/volumes/%UUID%
GET	/v1/%UUID%/volumes/%UUID%
GET	/v1/%UUID%/volumes/%UUID%
GET	/v1/%UUID%/volumes/%UUID%
GET	/v1/%UUID%/volumes/%UUID%
GET	/v1/%UUID%/volumes/%UUID%
GET	/v1/%UUID%/volumes/%UUID%
GET	/v1/%UUID%/volumes/%UUID%
GET	/v1/%UUID%/volumes/%UUID%
GET	/v1/%UUID%/volumes/%UUID%
GET	/v1/%UUID%/volumes/%UUID%
GET	/v1/%UUID%/volumes/%UUID%
GET	/v1/%UUID%/volumes/%UUID%
GET	/v1/%UUID%/volumes/%UUID%
GET	/v1/%UUID%/volumes/%UUID%
GET	/v1/%UUID%/volumes/%UUID%
GET	/v1/%UUID%/volumes/%UUID%
GET	/v1/%UUID%/volumes/%UUID%
GET	/v1/%UUID%/volumes/%UUID%
GET	/v1/%UUID%/volumes/%UUID%
GET	/v1/%UUID%/volumes/%UUID%
GET	/v1/%UUID%/volumes/%UUID%
GET	/v1/%UUID%/volumes/%UUID%
GET	/v1/%UUID%/volumes/%UUID%
GET	/v1/%UUID%/volumes/%UUID%
GET	/v1/%UUID%/volumes/%UUID%
GET	/v1/%UUID%/volumes/%UUID%
DELETE	/v1/%UUID%/qos-specs/%UUID%
GET	/v1/%UUID%/qos-specs/%UUID%
DELETE	/v1/%UUID%/snapshots/%UUID%
DELETE	/v1/%UUID%/snapshots/%UUID%
DELETE	/v1/%UUID%/snapshots/%UUID%
DELETE	/v1/%UUID%/snapshots/%UUID%
GET	/v1/%UUID%/snapshots/%UUID%
GET	/v1/%UUID%/snapshots/%UUID%
GET	/v1/%UUID%/snapshots/%UUID%
GET	/v1/%UUID%/snapshots/%UUID%
POST	/v2/%UUID%/volumes
GET	/v2/%UUID%/volumes/%UUID%
GET	/v2/%UUID%/volumes/%UUID%
GET	/v2/%UUID%/volumes/%UUID%
GET	/v2/%UUID%/volumes/%UUID%
GET	/v2/%UUID%/volumes/%UUID%
GET	/v2/%UUID%/volumes/%UUID%
GET	/v2/%UUID%/volumes/%UUID%
POST	/v2/%UUID%/snapshots
GET	/v2/%UUID%/snapshots/%UUID%
GET	/v2/%UUID%/snapshots/%UUID%
GET	/v2/%UUID%/snapshots/%UUID%
GET	/v2/%UUID%/snapshots/%UUID%
##create_test_qos_specs##
POST	/v2/%UUID%/qos-specs
POST	/v2/%UUID%/snapshots/%UUID%/action
##test_reset_snapshot_status##
POST	/v2/%UUID%/snapshots/%UUID%/action
GET	/v2/%UUID%/snapshots/%UUID%
POST	/v2/%UUID%/snapshots/%UUID%/action
##test_snapshot_force_delete_when_snapshot_is_creating##
POST	/v2/%UUID%/snapshots
GET	/v2/%UUID%/snapshots/%UUID%
GET	/v2/%UUID%/snapshots/%UUID%
POST	/v2/%UUID%/snapshots/%UUID%/action
POST	/v2/%UUID%/snapshots/%UUID%/action
GET	/v2/%UUID%/snapshots/%UUID%
GET	/v2/%UUID%/snapshots/%UUID%
GET	/v2/%UUID%/snapshots/%UUID%
GET	/v2/%UUID%/snapshots/%UUID%
GET	/v2/%UUID%/snapshots/%UUID%
GET	/v2/%UUID%/snapshots/%UUID%
GET	/v2/%UUID%/snapshots/%UUID%
GET	/v2/%UUID%/snapshots/%UUID%
GET	/v2/%UUID%/snapshots/%UUID%
GET	/v2/%UUID%/snapshots/%UUID%
GET	/v2/%UUID%/snapshots/%UUID%
GET	/v2/%UUID%/snapshots/%UUID%
GET	/v2/%UUID%/snapshots/%UUID%
GET	/v2/%UUID%/snapshots/%UUID%
GET	/v2/%UUID%/snapshots/%UUID%
GET	/v2/%UUID%/snapshots/%UUID%
GET	/v2/%UUID%/snapshots/%UUID%
GET	/v2/%UUID%/snapshots/%UUID%
GET	/v2/%UUID%/snapshots/%UUID%
GET	/v2/%UUID%/snapshots/%UUID%
GET	/v2/%UUID%/snapshots/%UUID%
GET	/v2/%UUID%/snapshots/%UUID%
GET	/v2/%UUID%/snapshots/%UUID%
GET	/v2/%UUID%/snapshots/%UUID%
GET	/v2/%UUID%/snapshots/%UUID%
GET	/v2/%UUID%/snapshots/%UUID%
GET	/v2/%UUID%/snapshots/%UUID%
GET	/v2/%UUID%/snapshots/%UUID%
GET	/v2/%UUID%/snapshots/%UUID%
POST	/v2/%UUID%/snapshots/%UUID%/action
##test_snapshot_force_delete_when_snapshot_is_deleting##
POST	/v2/%UUID%/snapshots
GET	/v2/%UUID%/snapshots/%UUID%
GET	/v2/%UUID%/snapshots/%UUID%
POST	/v2/%UUID%/snapshots/%UUID%/action
POST	/v2/%UUID%/snapshots/%UUID%/action
GET	/v2/%UUID%/snapshots/%UUID%
GET	/v2/%UUID%/snapshots/%UUID%
GET	/v2/%UUID%/snapshots/%UUID%
GET	/v2/%UUID%/snapshots/%UUID%
GET	/v2/%UUID%/snapshots/%UUID%
GET	/v2/%UUID%/snapshots/%UUID%
GET	/v2/%UUID%/snapshots/%UUID%
GET	/v2/%UUID%/snapshots/%UUID%
GET	/v2/%UUID%/snapshots/%UUID%
GET	/v2/%UUID%/snapshots/%UUID%
GET	/v2/%UUID%/snapshots/%UUID%
GET	/v2/%UUID%/snapshots/%UUID%
GET	/v2/%UUID%/snapshots/%UUID%
GET	/v2/%UUID%/snapshots/%UUID%
GET	/v2/%UUID%/snapshots/%UUID%
GET	/v2/%UUID%/snapshots/%UUID%
GET	/v2/%UUID%/snapshots/%UUID%
GET	/v2/%UUID%/snapshots/%UUID%
GET	/v2/%UUID%/snapshots/%UUID%
GET	/v2/%UUID%/snapshots/%UUID%
GET	/v2/%UUID%/snapshots/%UUID%
GET	/v2/%UUID%/snapshots/%UUID%
GET	/v2/%UUID%/snapshots/%UUID%
POST	/v2/%UUID%/snapshots/%UUID%/action
##test_snapshot_force_delete_when_snapshot_is_error##
POST	/v2/%UUID%/snapshots
GET	/v2/%UUID%/snapshots/%UUID%
GET	/v2/%UUID%/snapshots/%UUID%
POST	/v2/%UUID%/snapshots/%UUID%/action
POST	/v2/%UUID%/snapshots/%UUID%/action
GET	/v2/%UUID%/snapshots/%UUID%
GET	/v2/%UUID%/snapshots/%UUID%
GET	/v2/%UUID%/snapshots/%UUID%
GET	/v2/%UUID%/snapshots/%UUID%
GET	/v2/%UUID%/snapshots/%UUID%
GET	/v2/%UUID%/snapshots/%UUID%
GET	/v2/%UUID%/snapshots/%UUID%
GET	/v2/%UUID%/snapshots/%UUID%
GET	/v2/%UUID%/snapshots/%UUID%
GET	/v2/%UUID%/snapshots/%UUID%
GET	/v2/%UUID%/snapshots/%UUID%
GET	/v2/%UUID%/snapshots/%UUID%
GET	/v2/%UUID%/snapshots/%UUID%
GET	/v2/%UUID%/snapshots/%UUID%
GET	/v2/%UUID%/snapshots/%UUID%
GET	/v2/%UUID%/snapshots/%UUID%
GET	/v2/%UUID%/snapshots/%UUID%
GET	/v2/%UUID%/snapshots/%UUID%
GET	/v2/%UUID%/snapshots/%UUID%
GET	/v2/%UUID%/snapshots/%UUID%
GET	/v2/%UUID%/snapshots/%UUID%
GET	/v2/%UUID%/snapshots/%UUID%
GET	/v2/%UUID%/snapshots/%UUID%
GET	/v2/%UUID%/snapshots/%UUID%
GET	/v2/%UUID%/snapshots/%UUID%
GET	/v2/%UUID%/snapshots/%UUID%
GET	/v2/%UUID%/snapshots/%UUID%
GET	/v2/%UUID%/snapshots/%UUID%
GET	/v2/%UUID%/snapshots/%UUID%
GET	/v2/%UUID%/snapshots/%UUID%
GET	/v2/%UUID%/snapshots/%UUID%
GET	/v2/%UUID%/snapshots/%UUID%
GET	/v2/%UUID%/snapshots/%UUID%
POST	/v2/%UUID%/snapshots/%UUID%/action
##test_snapshot_force_delete_when_snapshot_is_error_deleting##
POST	/v2/%UUID%/snapshots
GET	/v2/%UUID%/snapshots/%UUID%
GET	/v2/%UUID%/snapshots/%UUID%
POST	/v2/%UUID%/snapshots/%UUID%/action
POST	/v2/%UUID%/snapshots/%UUID%/action
GET	/v2/%UUID%/snapshots/%UUID%
GET	/v2/%UUID%/snapshots/%UUID%
GET	/v2/%UUID%/snapshots/%UUID%
GET	/v2/%UUID%/snapshots/%UUID%
GET	/v2/%UUID%/snapshots/%UUID%
GET	/v2/%UUID%/snapshots/%UUID%
GET	/v2/%UUID%/snapshots/%UUID%
GET	/v2/%UUID%/snapshots/%UUID%
GET	/v2/%UUID%/snapshots/%UUID%
GET	/v2/%UUID%/snapshots/%UUID%
GET	/v2/%UUID%/snapshots/%UUID%
GET	/v2/%UUID%/snapshots/%UUID%
GET	/v2/%UUID%/snapshots/%UUID%
GET	/v2/%UUID%/snapshots/%UUID%
GET	/v2/%UUID%/snapshots/%UUID%
GET	/v2/%UUID%/snapshots/%UUID%
GET	/v2/%UUID%/snapshots/%UUID%
GET	/v2/%UUID%/snapshots/%UUID%
GET	/v2/%UUID%/snapshots/%UUID%
GET	/v2/%UUID%/snapshots/%UUID%
GET	/v2/%UUID%/snapshots/%UUID%
GET	/v2/%UUID%/snapshots/%UUID%
GET	/v2/%UUID%/snapshots/%UUID%
GET	/v2/%UUID%/snapshots/%UUID%
GET	/v2/%UUID%/snapshots/%UUID%
GET	/v2/%UUID%/snapshots/%UUID%
GET	/v2/%UUID%/snapshots/%UUID%
GET	/v2/%UUID%/snapshots/%UUID%
GET	/v2/%UUID%/snapshots/%UUID%
GET	/v2/%UUID%/snapshots/%UUID%
POST	/v2/%UUID%/snapshots/%UUID%/action
##test_update_snapshot_status##
POST	/v2/%UUID%/snapshots/%UUID%/action
POST	/v2/%UUID%/snapshots/%UUID%/action
GET	/v2/%UUID%/snapshots/%UUID%
POST	/v2/%UUID%/snapshots/%UUID%/action
DELETE	/v2/%UUID%/snapshots/%UUID%
GET	/v2/%UUID%/snapshots/%UUID%
GET	/v2/%UUID%/snapshots/%UUID%
GET	/v2/%UUID%/snapshots/%UUID%
GET	/v2/%UUID%/snapshots/%UUID%
GET	/v2/%UUID%/snapshots/%UUID%
GET	/v2/%UUID%/snapshots/%UUID%
GET	/v2/%UUID%/snapshots/%UUID%
GET	/v2/%UUID%/snapshots/%UUID%
GET	/v2/%UUID%/snapshots/%UUID%
GET	/v2/%UUID%/snapshots/%UUID%
GET	/v2/%UUID%/snapshots/%UUID%
GET	/v2/%UUID%/snapshots/%UUID%
GET	/v2/%UUID%/snapshots/%UUID%
GET	/v2/%UUID%/snapshots/%UUID%
GET	/v2/%UUID%/snapshots/%UUID%
GET	/v2/%UUID%/snapshots/%UUID%
GET	/v2/%UUID%/snapshots/%UUID%
GET	/v2/%UUID%/snapshots/%UUID%
GET	/v2/%UUID%/snapshots/%UUID%
GET	/v2/%UUID%/snapshots/%UUID%
GET	/v2/%UUID%/snapshots/%UUID%
GET	/v2/%UUID%/snapshots/%UUID%
GET	/v2/%UUID%/snapshots/%UUID%
GET	/v2/%UUID%/snapshots/%UUID%
GET	/v2/%UUID%/snapshots/%UUID%
GET	/v2/%UUID%/snapshots/%UUID%
DELETE	/v2/%UUID%/volumes/%UUID%
GET	/v2/%UUID%/volumes/%UUID%
GET	/v2/%UUID%/volumes/%UUID%
GET	/v2/%UUID%/volumes/%UUID%
GET	/v2/%UUID%/volumes/%UUID%
GET	/v2/%UUID%/volumes/%UUID%
GET	/v2/%UUID%/volumes/%UUID%
GET	/v2/%UUID%/volumes/%UUID%
GET	/v2/%UUID%/volumes/%UUID%
GET	/v2/%UUID%/volumes/%UUID%
GET	/v2/%UUID%/volumes/%UUID%
GET	/v2/%UUID%/volumes/%UUID%
GET	/v2/%UUID%/volumes/%UUID%
GET	/v2/%UUID%/volumes/%UUID%
GET	/v2/%UUID%/volumes/%UUID%
GET	/v2/%UUID%/volumes/%UUID%
GET	/v2/%UUID%/volumes/%UUID%
GET	/v2/%UUID%/volumes/%UUID%
GET	/v2/%UUID%/volumes/%UUID%
GET	/v2/%UUID%/volumes/%UUID%
GET	/v2/%UUID%/volumes/%UUID%
GET	/v2/%UUID%/volumes/%UUID%
GET	/v2/%UUID%/volumes/%UUID%
GET	/v2/%UUID%/volumes/%UUID%
GET	/v2/%UUID%/volumes/%UUID%
GET	/v2/%UUID%/volumes/%UUID%
GET	/v2/%UUID%/volumes/%UUID%
GET	/v2/%UUID%/volumes/%UUID%
DELETE	/v2/%UUID%/qos-specs/%UUID%
GET	/v2/%UUID%/qos-specs/%UUID%
DELETE	/v2/%UUID%/snapshots/%UUID%
DELETE	/v2/%UUID%/snapshots/%UUID%
DELETE	/v2/%UUID%/snapshots/%UUID%
DELETE	/v2/%UUID%/snapshots/%UUID%
GET	/v2/%UUID%/snapshots/%UUID%
GET	/v2/%UUID%/snapshots/%UUID%
GET	/v2/%UUID%/snapshots/%UUID%
GET	/v2/%UUID%/snapshots/%UUID%
##create_test_qos_specs##
POST	/v1/%UUID%/qos-specs
##test_list_hosts##
GET	/v1/%UUID%/os-hosts
DELETE	/v1/%UUID%/qos-specs/%UUID%
GET	/v1/%UUID%/qos-specs/%UUID%
##create_test_qos_specs##
POST	/v2/%UUID%/qos-specs
##test_list_hosts##
GET	/v2/%UUID%/os-hosts
DELETE	/v2/%UUID%/qos-specs/%UUID%
GET	/v2/%UUID%/qos-specs/%UUID%
POST	/v2/%UUID%/volumes
GET	/v2/%UUID%/volumes/%UUID%
GET	/v2/%UUID%/volumes/%UUID%
##create_test_qos_specs##
POST	/v2/%UUID%/qos-specs
##test_get_pools_with_details##
GET	/v2/%UUID%/volumes/%UUID%
GET	/v2/%UUID%/scheduler-stats/get_pools
##test_get_pools_without_details##
GET	/v2/%UUID%/volumes/%UUID%
GET	/v2/%UUID%/scheduler-stats/get_pools
DELETE	/v2/%UUID%/qos-specs/%UUID%
GET	/v2/%UUID%/qos-specs/%UUID%
DELETE	/v2/%UUID%/volumes/%UUID%
GET	/v2/%UUID%/volumes/%UUID%
GET	/v2/%UUID%/volumes/%UUID%
GET	/v2/%UUID%/volumes/%UUID%
GET	/v2/%UUID%/volumes/%UUID%
GET	/v2/%UUID%/volumes/%UUID%
GET	/v2/%UUID%/volumes/%UUID%
GET	/v2/%UUID%/volumes/%UUID%
GET	/v2/%UUID%/volumes/%UUID%
GET	/v2/%UUID%/volumes/%UUID%
GET	/v2/%UUID%/volumes/%UUID%
GET	/v2/%UUID%/volumes/%UUID%
GET	/v2/%UUID%/volumes/%UUID%
GET	/v2/%UUID%/volumes/%UUID%
GET	/v2/%UUID%/volumes/%UUID%
GET	/v2/%UUID%/volumes/%UUID%
GET	/v2/%UUID%/volumes/%UUID%
GET	/v2/%UUID%/volumes/%UUID%
GET	/v2/%UUID%/volumes/%UUID%
GET	/v2/%UUID%/volumes/%UUID%
GET	/v2/%UUID%/volumes/%UUID%
GET	/v2/%UUID%/volumes/%UUID%
GET	/v2/%UUID%/volumes/%UUID%
GET	/v2/%UUID%/volumes/%UUID%
GET	/v2/%UUID%/volumes/%UUID%
##create_test_qos_specs##
POST	/v2/%UUID%/qos-specs
##test_delete_quota##
GET	/v2/%UUID%/os-quota-sets/%UUID%/defaults
PUT	/v2/%UUID%/os-quota-sets/%UUID%
DELETE	/v2/%UUID%/os-quota-sets/%UUID%
GET	/v2/%UUID%/os-quota-sets/%UUID%
##test_list_default_quotas##
GET	/v2/%UUID%/os-quota-sets/%UUID%/defaults
##test_list_quotas##
GET	/v2/%UUID%/os-quota-sets/%UUID%
##test_quota_usage##
GET	/v2/%UUID%/os-quota-sets/%UUID%
POST	/v2/%UUID%/volumes
GET	/v2/%UUID%/volumes/%UUID%
GET	/v2/%UUID%/volumes/%UUID%
GET	/v2/%UUID%/volumes/%UUID%
GET	/v2/%UUID%/volumes/%UUID%
GET	/v2/%UUID%/volumes/%UUID%
GET	/v2/%UUID%/volumes/%UUID%
GET	/v2/%UUID%/os-quota-sets/%UUID%
DELETE	/v2/%UUID%/volumes/%UUID%
GET	/v2/%UUID%/volumes/%UUID%
GET	/v2/%UUID%/volumes/%UUID%
GET	/v2/%UUID%/volumes/%UUID%
GET	/v2/%UUID%/volumes/%UUID%
GET	/v2/%UUID%/volumes/%UUID%
GET	/v2/%UUID%/volumes/%UUID%
GET	/v2/%UUID%/volumes/%UUID%
GET	/v2/%UUID%/volumes/%UUID%
GET	/v2/%UUID%/volumes/%UUID%
GET	/v2/%UUID%/volumes/%UUID%
GET	/v2/%UUID%/volumes/%UUID%
##test_show_quota_usage##
GET	/v2/%UUID%/os-quota-sets/%UUID%
##test_update_all_quota_resources_for_tenant##
GET	/v2/%UUID%/os-quota-sets/%UUID%/defaults
PUT	/v2/%UUID%/os-quota-sets/%UUID%
PUT	/v2/%UUID%/os-quota-sets/%UUID%
DELETE	/v2/%UUID%/qos-specs/%UUID%
GET	/v2/%UUID%/qos-specs/%UUID%
DELETE	/v2/%UUID%/volumes/%UUID%
GET	/v2/%UUID%/volumes/%UUID%
##create_test_qos_specs##
POST	/v1/%UUID%/qos-specs
##test_delete_quota##
GET	/v1/%UUID%/os-quota-sets/%UUID%/defaults
PUT	/v1/%UUID%/os-quota-sets/%UUID%
DELETE	/v1/%UUID%/os-quota-sets/%UUID%
GET	/v1/%UUID%/os-quota-sets/%UUID%
##test_list_default_quotas##
GET	/v1/%UUID%/os-quota-sets/%UUID%/defaults
##test_list_quotas##
GET	/v1/%UUID%/os-quota-sets/%UUID%
##test_quota_usage##
GET	/v1/%UUID%/os-quota-sets/%UUID%
POST	/v1/%UUID%/volumes
GET	/v1/%UUID%/volumes/%UUID%
GET	/v1/%UUID%/volumes/%UUID%
GET	/v1/%UUID%/os-quota-sets/%UUID%
DELETE	/v1/%UUID%/volumes/%UUID%
GET	/v1/%UUID%/volumes/%UUID%
GET	/v1/%UUID%/volumes/%UUID%
GET	/v1/%UUID%/volumes/%UUID%
GET	/v1/%UUID%/volumes/%UUID%
GET	/v1/%UUID%/volumes/%UUID%
GET	/v1/%UUID%/volumes/%UUID%
GET	/v1/%UUID%/volumes/%UUID%
GET	/v1/%UUID%/volumes/%UUID%
GET	/v1/%UUID%/volumes/%UUID%
GET	/v1/%UUID%/volumes/%UUID%
GET	/v1/%UUID%/volumes/%UUID%
GET	/v1/%UUID%/volumes/%UUID%
GET	/v1/%UUID%/volumes/%UUID%
GET	/v1/%UUID%/volumes/%UUID%
GET	/v1/%UUID%/volumes/%UUID%
GET	/v1/%UUID%/volumes/%UUID%
GET	/v1/%UUID%/volumes/%UUID%
GET	/v1/%UUID%/volumes/%UUID%
GET	/v1/%UUID%/volumes/%UUID%
GET	/v1/%UUID%/volumes/%UUID%
GET	/v1/%UUID%/volumes/%UUID%
GET	/v1/%UUID%/volumes/%UUID%
GET	/v1/%UUID%/volumes/%UUID%
GET	/v1/%UUID%/volumes/%UUID%
GET	/v1/%UUID%/volumes/%UUID%
##test_show_quota_usage##
GET	/v1/%UUID%/os-quota-sets/%UUID%
##test_update_all_quota_resources_for_tenant##
GET	/v1/%UUID%/os-quota-sets/%UUID%/defaults
PUT	/v1/%UUID%/os-quota-sets/%UUID%
PUT	/v1/%UUID%/os-quota-sets/%UUID%
DELETE	/v1/%UUID%/qos-specs/%UUID%
GET	/v1/%UUID%/qos-specs/%UUID%
DELETE	/v1/%UUID%/volumes/%UUID%
GET	/v1/%UUID%/volumes/%UUID%
PUT	/v2/%UUID%/os-quota-sets/%UUID%
POST	/v2/%UUID%/volumes
GET	/v2/%UUID%/volumes/%UUID%
GET	/v2/%UUID%/volumes/%UUID%
##create_test_qos_specs##
POST	/v2/%UUID%/qos-specs
##test_quota_volume_gigabytes##
PUT	/v2/%UUID%/os-quota-sets/%UUID%
POST	/v2/%UUID%/volumes
PUT	/v2/%UUID%/os-quota-sets/%UUID%
##test_quota_volumes##
POST	/v2/%UUID%/volumes
DELETE	/v2/%UUID%/qos-specs/%UUID%
GET	/v2/%UUID%/qos-specs/%UUID%
DELETE	/v2/%UUID%/volumes/%UUID%
GET	/v2/%UUID%/volumes/%UUID%
GET	/v2/%UUID%/volumes/%UUID%
GET	/v2/%UUID%/volumes/%UUID%
GET	/v2/%UUID%/volumes/%UUID%
GET	/v2/%UUID%/volumes/%UUID%
GET	/v2/%UUID%/volumes/%UUID%
GET	/v2/%UUID%/volumes/%UUID%
GET	/v2/%UUID%/volumes/%UUID%
GET	/v2/%UUID%/volumes/%UUID%
GET	/v2/%UUID%/volumes/%UUID%
GET	/v2/%UUID%/volumes/%UUID%
GET	/v2/%UUID%/volumes/%UUID%
GET	/v2/%UUID%/volumes/%UUID%
GET	/v2/%UUID%/volumes/%UUID%
GET	/v2/%UUID%/volumes/%UUID%
GET	/v2/%UUID%/volumes/%UUID%
GET	/v2/%UUID%/volumes/%UUID%
GET	/v2/%UUID%/volumes/%UUID%
GET	/v2/%UUID%/volumes/%UUID%
GET	/v2/%UUID%/volumes/%UUID%
GET	/v2/%UUID%/volumes/%UUID%
GET	/v2/%UUID%/volumes/%UUID%
GET	/v2/%UUID%/volumes/%UUID%
GET	/v2/%UUID%/volumes/%UUID%
GET	/v2/%UUID%/volumes/%UUID%
GET	/v2/%UUID%/volumes/%UUID%
GET	/v2/%UUID%/volumes/%UUID%
PUT	/v1/%UUID%/os-quota-sets/%UUID%
POST	/v1/%UUID%/volumes
GET	/v1/%UUID%/volumes/%UUID%
GET	/v1/%UUID%/volumes/%UUID%
##create_test_qos_specs##
POST	/v1/%UUID%/qos-specs
##test_quota_volume_gigabytes##
PUT	/v1/%UUID%/os-quota-sets/%UUID%
POST	/v1/%UUID%/volumes
PUT	/v1/%UUID%/os-quota-sets/%UUID%
##test_quota_volumes##
POST	/v1/%UUID%/volumes
DELETE	/v1/%UUID%/qos-specs/%UUID%
GET	/v1/%UUID%/qos-specs/%UUID%
DELETE	/v1/%UUID%/volumes/%UUID%
GET	/v1/%UUID%/volumes/%UUID%
GET	/v1/%UUID%/volumes/%UUID%
GET	/v1/%UUID%/volumes/%UUID%
GET	/v1/%UUID%/volumes/%UUID%
GET	/v1/%UUID%/volumes/%UUID%
GET	/v1/%UUID%/volumes/%UUID%
GET	/v1/%UUID%/volumes/%UUID%
GET	/v1/%UUID%/volumes/%UUID%
GET	/v1/%UUID%/volumes/%UUID%
GET	/v1/%UUID%/volumes/%UUID%
GET	/v1/%UUID%/volumes/%UUID%
GET	/v1/%UUID%/volumes/%UUID%
GET	/v1/%UUID%/volumes/%UUID%
GET	/v1/%UUID%/volumes/%UUID%
GET	/v1/%UUID%/volumes/%UUID%
GET	/v1/%UUID%/volumes/%UUID%
GET	/v1/%UUID%/os-services
##create_test_qos_specs##
POST	/v1/%UUID%/qos-specs
##test_get_service_by_host_name##
GET	/v1/%UUID%/os-services
##test_get_service_by_service_and_host_name##
GET	/v1/%UUID%/os-services
##test_get_service_by_service_binary_name##
GET	/v1/%UUID%/os-services
##test_list_services##
GET	/v1/%UUID%/os-services
DELETE	/v1/%UUID%/qos-specs/%UUID%
GET	/v1/%UUID%/qos-specs/%UUID%
GET	/v2/%UUID%/os-services
##create_test_qos_specs##
POST	/v2/%UUID%/qos-specs
##test_get_service_by_host_name##
GET	/v2/%UUID%/os-services
##test_get_service_by_service_and_host_name##
GET	/v2/%UUID%/os-services
##test_get_service_by_service_binary_name##
GET	/v2/%UUID%/os-services
##test_list_services##
GET	/v2/%UUID%/os-services
DELETE	/v2/%UUID%/qos-specs/%UUID%
GET	/v2/%UUID%/qos-specs/%UUID%
PUT	/v1/%UUID%/os-quota-sets/%UUID%
POST	/v1/%UUID%/volumes
GET	/v1/%UUID%/volumes/%UUID%
GET	/v1/%UUID%/volumes/%UUID%
POST	/v1/%UUID%/snapshots
GET	/v1/%UUID%/snapshots/%UUID%
GET	/v1/%UUID%/snapshots/%UUID%
##create_test_qos_specs##
POST	/v1/%UUID%/qos-specs
##test_quota_volume_gigabytes_snapshots##
PUT	/v1/%UUID%/os-quota-sets/%UUID%
POST	/v1/%UUID%/snapshots
PUT	/v1/%UUID%/os-quota-sets/%UUID%
##test_quota_volume_snapshots##
POST	/v1/%UUID%/snapshots
DELETE	/v1/%UUID%/qos-specs/%UUID%
GET	/v1/%UUID%/qos-specs/%UUID%
DELETE	/v1/%UUID%/snapshots/%UUID%
GET	/v1/%UUID%/snapshots/%UUID%
GET	/v1/%UUID%/snapshots/%UUID%
GET	/v1/%UUID%/snapshots/%UUID%
GET	/v1/%UUID%/snapshots/%UUID%
GET	/v1/%UUID%/snapshots/%UUID%
GET	/v1/%UUID%/snapshots/%UUID%
GET	/v1/%UUID%/snapshots/%UUID%
GET	/v1/%UUID%/snapshots/%UUID%
GET	/v1/%UUID%/snapshots/%UUID%
GET	/v1/%UUID%/snapshots/%UUID%
GET	/v1/%UUID%/snapshots/%UUID%
GET	/v1/%UUID%/snapshots/%UUID%
GET	/v1/%UUID%/snapshots/%UUID%
GET	/v1/%UUID%/snapshots/%UUID%
GET	/v1/%UUID%/snapshots/%UUID%
GET	/v1/%UUID%/snapshots/%UUID%
GET	/v1/%UUID%/snapshots/%UUID%
GET	/v1/%UUID%/snapshots/%UUID%
GET	/v1/%UUID%/snapshots/%UUID%
GET	/v1/%UUID%/snapshots/%UUID%
GET	/v1/%UUID%/snapshots/%UUID%
GET	/v1/%UUID%/snapshots/%UUID%
GET	/v1/%UUID%/snapshots/%UUID%
GET	/v1/%UUID%/snapshots/%UUID%
GET	/v1/%UUID%/snapshots/%UUID%
GET	/v1/%UUID%/snapshots/%UUID%
GET	/v1/%UUID%/snapshots/%UUID%
GET	/v1/%UUID%/snapshots/%UUID%
DELETE	/v1/%UUID%/volumes/%UUID%
GET	/v1/%UUID%/volumes/%UUID%
GET	/v1/%UUID%/volumes/%UUID%
GET	/v1/%UUID%/volumes/%UUID%
GET	/v1/%UUID%/volumes/%UUID%
GET	/v1/%UUID%/volumes/%UUID%
GET	/v1/%UUID%/volumes/%UUID%
GET	/v1/%UUID%/volumes/%UUID%
GET	/v1/%UUID%/volumes/%UUID%
GET	/v1/%UUID%/volumes/%UUID%
GET	/v1/%UUID%/volumes/%UUID%
GET	/v1/%UUID%/volumes/%UUID%
GET	/v1/%UUID%/volumes/%UUID%
GET	/v1/%UUID%/volumes/%UUID%
GET	/v1/%UUID%/volumes/%UUID%
GET	/v1/%UUID%/volumes/%UUID%
GET	/v1/%UUID%/volumes/%UUID%
GET	/v1/%UUID%/volumes/%UUID%
GET	/v1/%UUID%/volumes/%UUID%
GET	/v1/%UUID%/volumes/%UUID%
GET	/v1/%UUID%/volumes/%UUID%
GET	/v1/%UUID%/volumes/%UUID%
GET	/v1/%UUID%/volumes/%UUID%
GET	/v1/%UUID%/volumes/%UUID%
GET	/v1/%UUID%/volumes/%UUID%
GET	/v1/%UUID%/volumes/%UUID%
PUT	/v2/%UUID%/os-quota-sets/%UUID%
POST	/v2/%UUID%/volumes
GET	/v2/%UUID%/volumes/%UUID%
GET	/v2/%UUID%/volumes/%UUID%
POST	/v2/%UUID%/snapshots
GET	/v2/%UUID%/snapshots/%UUID%
GET	/v2/%UUID%/snapshots/%UUID%
##create_test_qos_specs##
POST	/v2/%UUID%/qos-specs
##test_quota_volume_gigabytes_snapshots##
PUT	/v2/%UUID%/os-quota-sets/%UUID%
POST	/v2/%UUID%/snapshots
PUT	/v2/%UUID%/os-quota-sets/%UUID%
##test_quota_volume_snapshots##
POST	/v2/%UUID%/snapshots
DELETE	/v2/%UUID%/qos-specs/%UUID%
GET	/v2/%UUID%/qos-specs/%UUID%
DELETE	/v2/%UUID%/snapshots/%UUID%
GET	/v2/%UUID%/snapshots/%UUID%
GET	/v2/%UUID%/snapshots/%UUID%
GET	/v2/%UUID%/snapshots/%UUID%
GET	/v2/%UUID%/snapshots/%UUID%
GET	/v2/%UUID%/snapshots/%UUID%
GET	/v2/%UUID%/snapshots/%UUID%
GET	/v2/%UUID%/snapshots/%UUID%
GET	/v2/%UUID%/snapshots/%UUID%
GET	/v2/%UUID%/snapshots/%UUID%
GET	/v2/%UUID%/snapshots/%UUID%
GET	/v2/%UUID%/snapshots/%UUID%
GET	/v2/%UUID%/snapshots/%UUID%
GET	/v2/%UUID%/snapshots/%UUID%
GET	/v2/%UUID%/snapshots/%UUID%
GET	/v2/%UUID%/snapshots/%UUID%
GET	/v2/%UUID%/snapshots/%UUID%
GET	/v2/%UUID%/snapshots/%UUID%
GET	/v2/%UUID%/snapshots/%UUID%
GET	/v2/%UUID%/snapshots/%UUID%
GET	/v2/%UUID%/snapshots/%UUID%
GET	/v2/%UUID%/snapshots/%UUID%
GET	/v2/%UUID%/snapshots/%UUID%
GET	/v2/%UUID%/snapshots/%UUID%
GET	/v2/%UUID%/snapshots/%UUID%
GET	/v2/%UUID%/snapshots/%UUID%
GET	/v2/%UUID%/snapshots/%UUID%
GET	/v2/%UUID%/snapshots/%UUID%
GET	/v2/%UUID%/snapshots/%UUID%
GET	/v2/%UUID%/snapshots/%UUID%
GET	/v2/%UUID%/snapshots/%UUID%
DELETE	/v2/%UUID%/volumes/%UUID%
GET	/v2/%UUID%/volumes/%UUID%
GET	/v2/%UUID%/volumes/%UUID%
GET	/v2/%UUID%/volumes/%UUID%
GET	/v2/%UUID%/volumes/%UUID%
GET	/v2/%UUID%/volumes/%UUID%
GET	/v2/%UUID%/volumes/%UUID%
GET	/v2/%UUID%/volumes/%UUID%
GET	/v2/%UUID%/volumes/%UUID%
GET	/v2/%UUID%/volumes/%UUID%
GET	/v2/%UUID%/volumes/%UUID%
GET	/v2/%UUID%/volumes/%UUID%
GET	/v2/%UUID%/volumes/%UUID%
GET	/v2/%UUID%/volumes/%UUID%
GET	/v2/%UUID%/volumes/%UUID%
GET	/v2/%UUID%/volumes/%UUID%
GET	/v2/%UUID%/volumes/%UUID%
GET	/v2/%UUID%/volumes/%UUID%
GET	/v2/%UUID%/volumes/%UUID%
GET	/v2/%UUID%/volumes/%UUID%
GET	/v2/%UUID%/volumes/%UUID%
GET	/v2/%UUID%/volumes/%UUID%
GET	/v2/%UUID%/volumes/%UUID%
GET	/v2/%UUID%/volumes/%UUID%
GET	/v2/%UUID%/volumes/%UUID%
GET	/v2/%UUID%/volumes/%UUID%
GET	/v2/%UUID%/volumes/%UUID%
GET	/v2/%UUID%/volumes/%UUID%
GET	/v2/%UUID%/volumes/%UUID%
GET	/v2/%UUID%/volumes/%UUID%
GET	/v2/%UUID%/volumes/%UUID%
##create_test_qos_specs##
POST	/v1/%UUID%/qos-specs
##test_volume_crud_with_volume_type_and_extra_specs##
POST	/v1/%UUID%/types
POST	/v1/%UUID%/types
POST	/v1/%UUID%/volumes
GET	/v1/%UUID%/volumes/%UUID%
GET	/v1/%UUID%/volumes/%UUID%
POST	/v1/%UUID%/volumes/%UUID%/action
GET	/v1/%UUID%/volumes/%UUID%
GET	/v1/%UUID%/volumes/%UUID%
GET	/v1/%UUID%/volumes/%UUID%
DELETE	/v1/%UUID%/volumes/%UUID%
GET	/v1/%UUID%/volumes/%UUID%
GET	/v1/%UUID%/volumes/%UUID%
GET	/v1/%UUID%/volumes/%UUID%
GET	/v1/%UUID%/volumes/%UUID%
GET	/v1/%UUID%/volumes/%UUID%
GET	/v1/%UUID%/volumes/%UUID%
GET	/v1/%UUID%/volumes/%UUID%
GET	/v1/%UUID%/volumes/%UUID%
GET	/v1/%UUID%/volumes/%UUID%
GET	/v1/%UUID%/volumes/%UUID%
GET	/v1/%UUID%/volumes/%UUID%
GET	/v1/%UUID%/volumes/%UUID%
GET	/v1/%UUID%/volumes/%UUID%
GET	/v1/%UUID%/volumes/%UUID%
GET	/v1/%UUID%/volumes/%UUID%
GET	/v1/%UUID%/volumes/%UUID%
GET	/v1/%UUID%/volumes/%UUID%
GET	/v1/%UUID%/volumes/%UUID%
GET	/v1/%UUID%/volumes/%UUID%
GET	/v1/%UUID%/volumes/%UUID%
GET	/v1/%UUID%/volumes/%UUID%
GET	/v1/%UUID%/volumes/%UUID%
GET	/v1/%UUID%/volumes/%UUID%
GET	/v1/%UUID%/volumes/%UUID%
GET	/v1/%UUID%/volumes/%UUID%
GET	/v1/%UUID%/volumes/%UUID%
GET	/v1/%UUID%/volumes/%UUID%
GET	/v1/%UUID%/volumes/%UUID%
GET	/v1/%UUID%/volumes/%UUID%
GET	/v1/%UUID%/volumes/%UUID%
GET	/v1/%UUID%/volumes/%UUID%
GET	/v1/%UUID%/volumes/%UUID%
GET	/v1/%UUID%/volumes/%UUID%
DELETE	/v1/%UUID%/types/%UUID%
DELETE	/v1/%UUID%/types/%UUID%
##test_volume_type_create_get_delete##
POST	/v1/%UUID%/types
GET	/v1/%UUID%/types/%UUID%
DELETE	/v1/%UUID%/types/%UUID%
##test_volume_type_encryption_create_get_delete##
POST	/v1/%UUID%/types
POST	/v1/%UUID%/types/%UUID%/encryption
GET	/v1/%UUID%/types/%UUID%/encryption
DELETE	/v1/%UUID%/types/%UUID%/encryption/provider
GET	/v1/%UUID%/types/%UUID%/encryption
GET	/v1/%UUID%/types/%UUID%/encryption
DELETE	/v1/%UUID%/types/%UUID%
##test_volume_type_list##
GET	/v1/%UUID%/types
DELETE	/v1/%UUID%/qos-specs/%UUID%
GET	/v1/%UUID%/qos-specs/%UUID%
##create_test_qos_specs##
POST	/v2/%UUID%/qos-specs
##test_volume_crud_with_volume_type_and_extra_specs##
POST	/v2/%UUID%/types
POST	/v2/%UUID%/types
POST	/v2/%UUID%/volumes
GET	/v2/%UUID%/volumes/%UUID%
GET	/v2/%UUID%/volumes/%UUID%
POST	/v2/%UUID%/volumes/%UUID%/action
GET	/v2/%UUID%/volumes/%UUID%
GET	/v2/%UUID%/volumes/%UUID%
GET	/v2/%UUID%/volumes/%UUID%
DELETE	/v2/%UUID%/volumes/%UUID%
GET	/v2/%UUID%/volumes/%UUID%
GET	/v2/%UUID%/volumes/%UUID%
GET	/v2/%UUID%/volumes/%UUID%
GET	/v2/%UUID%/volumes/%UUID%
GET	/v2/%UUID%/volumes/%UUID%
GET	/v2/%UUID%/volumes/%UUID%
GET	/v2/%UUID%/volumes/%UUID%
GET	/v2/%UUID%/volumes/%UUID%
GET	/v2/%UUID%/volumes/%UUID%
GET	/v2/%UUID%/volumes/%UUID%
GET	/v2/%UUID%/volumes/%UUID%
GET	/v2/%UUID%/volumes/%UUID%
GET	/v2/%UUID%/volumes/%UUID%
GET	/v2/%UUID%/volumes/%UUID%
GET	/v2/%UUID%/volumes/%UUID%
GET	/v2/%UUID%/volumes/%UUID%
GET	/v2/%UUID%/volumes/%UUID%
GET	/v2/%UUID%/volumes/%UUID%
GET	/v2/%UUID%/volumes/%UUID%
GET	/v2/%UUID%/volumes/%UUID%
GET	/v2/%UUID%/volumes/%UUID%
GET	/v2/%UUID%/volumes/%UUID%
GET	/v2/%UUID%/volumes/%UUID%
GET	/v2/%UUID%/volumes/%UUID%
GET	/v2/%UUID%/volumes/%UUID%
GET	/v2/%UUID%/volumes/%UUID%
GET	/v2/%UUID%/volumes/%UUID%
GET	/v2/%UUID%/volumes/%UUID%
GET	/v2/%UUID%/volumes/%UUID%
GET	/v2/%UUID%/volumes/%UUID%
GET	/v2/%UUID%/volumes/%UUID%
GET	/v2/%UUID%/volumes/%UUID%
DELETE	/v2/%UUID%/types/%UUID%
DELETE	/v2/%UUID%/types/%UUID%
##test_volume_type_create_get_delete##
POST	/v2/%UUID%/types
GET	/v2/%UUID%/types/%UUID%
DELETE	/v2/%UUID%/types/%UUID%
##test_volume_type_encryption_create_get_delete##
POST	/v2/%UUID%/types
POST	/v2/%UUID%/types/%UUID%/encryption
GET	/v2/%UUID%/types/%UUID%/encryption
DELETE	/v2/%UUID%/types/%UUID%/encryption/provider
GET	/v2/%UUID%/types/%UUID%/encryption
GET	/v2/%UUID%/types/%UUID%/encryption
DELETE	/v2/%UUID%/types/%UUID%
##test_volume_type_list##
GET	/v2/%UUID%/types
DELETE	/v2/%UUID%/qos-specs/%UUID%
GET	/v2/%UUID%/qos-specs/%UUID%
POST	/v1/%UUID%/types
##create_test_qos_specs##
POST	/v1/%UUID%/qos-specs
##test_volume_type_extra_spec_create_get_delete##
POST	/v1/%UUID%/types/%UUID%/extra_specs
GET	/v1/%UUID%/types/%UUID%/extra_specs/spec3
DELETE	/v1/%UUID%/types/%UUID%/extra_specs/spec3
##test_volume_type_extra_specs_list##
POST	/v1/%UUID%/types/%UUID%/extra_specs
GET	/v1/%UUID%/types/%UUID%/extra_specs
##test_volume_type_extra_specs_update##
POST	/v1/%UUID%/types/%UUID%/extra_specs
PUT	/v1/%UUID%/types/%UUID%/extra_specs/spec2
DELETE	/v1/%UUID%/types/%UUID%
DELETE	/v1/%UUID%/qos-specs/%UUID%
GET	/v1/%UUID%/qos-specs/%UUID%
POST	/v2/%UUID%/types
##create_test_qos_specs##
POST	/v2/%UUID%/qos-specs
##test_volume_type_extra_spec_create_get_delete##
POST	/v2/%UUID%/types/%UUID%/extra_specs
GET	/v2/%UUID%/types/%UUID%/extra_specs/spec3
DELETE	/v2/%UUID%/types/%UUID%/extra_specs/spec3
##test_volume_type_extra_specs_list##
POST	/v2/%UUID%/types/%UUID%/extra_specs
GET	/v2/%UUID%/types/%UUID%/extra_specs
##test_volume_type_extra_specs_update##
POST	/v2/%UUID%/types/%UUID%/extra_specs
PUT	/v2/%UUID%/types/%UUID%/extra_specs/spec2
DELETE	/v2/%UUID%/types/%UUID%
DELETE	/v2/%UUID%/qos-specs/%UUID%
GET	/v2/%UUID%/qos-specs/%UUID%
POST	/v1/%UUID%/types
##create_test_qos_specs##
POST	/v1/%UUID%/qos-specs
##test_create_invalid_body##
POST	/v1/%UUID%/types/%UUID%/extra_specs
##test_create_none_body##
POST	/v1/%UUID%/types/%UUID%/extra_specs
##test_create_nonexistent_type_id##
POST	/v1/%UUID%/types/%UUID%/extra_specs
##test_delete_nonexistent_volume_type_id##
DELETE	/v1/%UUID%/types/%UUID%/extra_specs/spec1
##test_get_nonexistent_extra_spec_id##
GET	/v1/%UUID%/types/%UUID%/extra_specs/%UUID%
##test_get_nonexistent_volume_type_id##
GET	/v1/%UUID%/types/%UUID%/extra_specs/spec1
##test_list_nonexistent_volume_type_id##
GET	/v1/%UUID%/types/%UUID%/extra_specs
##test_update_multiple_extra_spec##
PUT	/v1/%UUID%/types/%UUID%/extra_specs/spec2
##test_update_no_body##
PUT	/v1/%UUID%/types/%UUID%/extra_specs/spec1
##test_update_none_extra_spec_id##
PUT	/v1/%UUID%/types/%UUID%/extra_specs/None
##test_update_nonexistent_extra_spec_id##
PUT	/v1/%UUID%/types/%UUID%/extra_specs/%UUID%
DELETE	/v1/%UUID%/types/%UUID%
DELETE	/v1/%UUID%/qos-specs/%UUID%
GET	/v1/%UUID%/qos-specs/%UUID%
POST	/v2/%UUID%/types
##create_test_qos_specs##
POST	/v2/%UUID%/qos-specs
##test_create_invalid_body##
POST	/v2/%UUID%/types/%UUID%/extra_specs
##test_create_none_body##
POST	/v2/%UUID%/types/%UUID%/extra_specs
##test_create_nonexistent_type_id##
POST	/v2/%UUID%/types/%UUID%/extra_specs
##test_delete_nonexistent_volume_type_id##
DELETE	/v2/%UUID%/types/%UUID%/extra_specs/spec1
##test_get_nonexistent_extra_spec_id##
GET	/v2/%UUID%/types/%UUID%/extra_specs/%UUID%
##test_get_nonexistent_volume_type_id##
GET	/v2/%UUID%/types/%UUID%/extra_specs/spec1
##test_list_nonexistent_volume_type_id##
GET	/v2/%UUID%/types/%UUID%/extra_specs
##test_update_multiple_extra_spec##
PUT	/v2/%UUID%/types/%UUID%/extra_specs/spec2
##test_update_no_body##
PUT	/v2/%UUID%/types/%UUID%/extra_specs/spec1
##test_update_none_extra_spec_id##
PUT	/v2/%UUID%/types/%UUID%/extra_specs/None
##test_update_nonexistent_extra_spec_id##
PUT	/v2/%UUID%/types/%UUID%/extra_specs/%UUID%
DELETE	/v2/%UUID%/types/%UUID%
DELETE	/v2/%UUID%/qos-specs/%UUID%
GET	/v2/%UUID%/qos-specs/%UUID%
##create_test_qos_specs##
POST	/v1/%UUID%/qos-specs
##test_create_with_empty_name##
POST	/v1/%UUID%/types
##test_create_with_nonexistent_volume_type##
POST	/v1/%UUID%/volumes
##test_delete_nonexistent_type_id##
DELETE	/v1/%UUID%/types/%UUID%
##test_get_nonexistent_type_id##
GET	/v1/%UUID%/types/%UUID%
DELETE	/v1/%UUID%/qos-specs/%UUID%
GET	/v1/%UUID%/qos-specs/%UUID%
##create_test_qos_specs##
POST	/v2/%UUID%/qos-specs
##test_create_with_empty_name##
POST	/v2/%UUID%/types
##test_create_with_nonexistent_volume_type##
POST	/v2/%UUID%/volumes
##test_delete_nonexistent_type_id##
DELETE	/v2/%UUID%/types/%UUID%
##test_get_nonexistent_type_id##
GET	/v2/%UUID%/types/%UUID%
DELETE	/v2/%UUID%/qos-specs/%UUID%
GET	/v2/%UUID%/qos-specs/%UUID%
POST	/v1/%UUID%/volumes
GET	/v1/%UUID%/volumes/%UUID%
GET	/v1/%UUID%/volumes/%UUID%
##create_test_qos_specs##
POST	/v1/%UUID%/qos-specs
POST	/v1/%UUID%/volumes/%UUID%/action
##test_volume_force_delete_when_volume_is_attaching##
POST	/v1/%UUID%/volumes
GET	/v1/%UUID%/volumes/%UUID%
GET	/v1/%UUID%/volumes/%UUID%
POST	/v1/%UUID%/volumes/%UUID%/action
POST	/v1/%UUID%/volumes/%UUID%/action
GET	/v1/%UUID%/volumes/%UUID%
GET	/v1/%UUID%/volumes/%UUID%
GET	/v1/%UUID%/volumes/%UUID%
GET	/v1/%UUID%/volumes/%UUID%
GET	/v1/%UUID%/volumes/%UUID%
GET	/v1/%UUID%/volumes/%UUID%
GET	/v1/%UUID%/volumes/%UUID%
GET	/v1/%UUID%/volumes/%UUID%
GET	/v1/%UUID%/volumes/%UUID%
GET	/v1/%UUID%/volumes/%UUID%
GET	/v1/%UUID%/volumes/%UUID%
GET	/v1/%UUID%/volumes/%UUID%
GET	/v1/%UUID%/volumes/%UUID%
GET	/v1/%UUID%/volumes/%UUID%
GET	/v1/%UUID%/volumes/%UUID%
GET	/v1/%UUID%/volumes/%UUID%
GET	/v1/%UUID%/volumes/%UUID%
GET	/v1/%UUID%/volumes/%UUID%
GET	/v1/%UUID%/volumes/%UUID%
GET	/v1/%UUID%/volumes/%UUID%
GET	/v1/%UUID%/volumes/%UUID%
GET	/v1/%UUID%/volumes/%UUID%
GET	/v1/%UUID%/volumes/%UUID%
GET	/v1/%UUID%/volumes/%UUID%
GET	/v1/%UUID%/volumes/%UUID%
GET	/v1/%UUID%/volumes/%UUID%
GET	/v1/%UUID%/volumes/%UUID%
GET	/v1/%UUID%/volumes/%UUID%
GET	/v1/%UUID%/volumes/%UUID%
GET	/v1/%UUID%/volumes/%UUID%
GET	/v1/%UUID%/volumes/%UUID%
GET	/v1/%UUID%/volumes/%UUID%
POST	/v1/%UUID%/volumes/%UUID%/action
##test_volume_force_delete_when_volume_is_creating##
POST	/v1/%UUID%/volumes
GET	/v1/%UUID%/volumes/%UUID%
GET	/v1/%UUID%/volumes/%UUID%
POST	/v1/%UUID%/volumes/%UUID%/action
POST	/v1/%UUID%/volumes/%UUID%/action
GET	/v1/%UUID%/volumes/%UUID%
GET	/v1/%UUID%/volumes/%UUID%
GET	/v1/%UUID%/volumes/%UUID%
GET	/v1/%UUID%/volumes/%UUID%
GET	/v1/%UUID%/volumes/%UUID%
GET	/v1/%UUID%/volumes/%UUID%
GET	/v1/%UUID%/volumes/%UUID%
GET	/v1/%UUID%/volumes/%UUID%
GET	/v1/%UUID%/volumes/%UUID%
GET	/v1/%UUID%/volumes/%UUID%
GET	/v1/%UUID%/volumes/%UUID%
GET	/v1/%UUID%/volumes/%UUID%
GET	/v1/%UUID%/volumes/%UUID%
GET	/v1/%UUID%/volumes/%UUID%
GET	/v1/%UUID%/volumes/%UUID%
GET	/v1/%UUID%/volumes/%UUID%
GET	/v1/%UUID%/volumes/%UUID%
GET	/v1/%UUID%/volumes/%UUID%
GET	/v1/%UUID%/volumes/%UUID%
GET	/v1/%UUID%/volumes/%UUID%
GET	/v1/%UUID%/volumes/%UUID%
GET	/v1/%UUID%/volumes/%UUID%
GET	/v1/%UUID%/volumes/%UUID%
GET	/v1/%UUID%/volumes/%UUID%
GET	/v1/%UUID%/volumes/%UUID%
GET	/v1/%UUID%/volumes/%UUID%
GET	/v1/%UUID%/volumes/%UUID%
GET	/v1/%UUID%/volumes/%UUID%
POST	/v1/%UUID%/volumes/%UUID%/action
##test_volume_force_delete_when_volume_is_error##
POST	/v1/%UUID%/volumes
GET	/v1/%UUID%/volumes/%UUID%
GET	/v1/%UUID%/volumes/%UUID%
POST	/v1/%UUID%/volumes/%UUID%/action
POST	/v1/%UUID%/volumes/%UUID%/action
GET	/v1/%UUID%/volumes/%UUID%
GET	/v1/%UUID%/volumes/%UUID%
GET	/v1/%UUID%/volumes/%UUID%
GET	/v1/%UUID%/volumes/%UUID%
GET	/v1/%UUID%/volumes/%UUID%
GET	/v1/%UUID%/volumes/%UUID%
GET	/v1/%UUID%/volumes/%UUID%
GET	/v1/%UUID%/volumes/%UUID%
GET	/v1/%UUID%/volumes/%UUID%
GET	/v1/%UUID%/volumes/%UUID%
GET	/v1/%UUID%/volumes/%UUID%
GET	/v1/%UUID%/volumes/%UUID%
GET	/v1/%UUID%/volumes/%UUID%
GET	/v1/%UUID%/volumes/%UUID%
GET	/v1/%UUID%/volumes/%UUID%
GET	/v1/%UUID%/volumes/%UUID%
GET	/v1/%UUID%/volumes/%UUID%
GET	/v1/%UUID%/volumes/%UUID%
GET	/v1/%UUID%/volumes/%UUID%
GET	/v1/%UUID%/volumes/%UUID%
GET	/v1/%UUID%/volumes/%UUID%
GET	/v1/%UUID%/volumes/%UUID%
GET	/v1/%UUID%/volumes/%UUID%
GET	/v1/%UUID%/volumes/%UUID%
GET	/v1/%UUID%/volumes/%UUID%
GET	/v1/%UUID%/volumes/%UUID%
GET	/v1/%UUID%/volumes/%UUID%
GET	/v1/%UUID%/volumes/%UUID%
GET	/v1/%UUID%/volumes/%UUID%
GET	/v1/%UUID%/volumes/%UUID%
GET	/v1/%UUID%/volumes/%UUID%
POST	/v1/%UUID%/volumes/%UUID%/action
##test_volume_reset_status##
POST	/v1/%UUID%/volumes/%UUID%/action
GET	/v1/%UUID%/volumes/%UUID%
POST	/v1/%UUID%/volumes/%UUID%/action
DELETE	/v1/%UUID%/volumes/%UUID%
GET	/v1/%UUID%/volumes/%UUID%
GET	/v1/%UUID%/volumes/%UUID%
GET	/v1/%UUID%/volumes/%UUID%
GET	/v1/%UUID%/volumes/%UUID%
GET	/v1/%UUID%/volumes/%UUID%
GET	/v1/%UUID%/volumes/%UUID%
GET	/v1/%UUID%/volumes/%UUID%
GET	/v1/%UUID%/volumes/%UUID%
GET	/v1/%UUID%/volumes/%UUID%
GET	/v1/%UUID%/volumes/%UUID%
GET	/v1/%UUID%/volumes/%UUID%
GET	/v1/%UUID%/volumes/%UUID%
GET	/v1/%UUID%/volumes/%UUID%
GET	/v1/%UUID%/volumes/%UUID%
GET	/v1/%UUID%/volumes/%UUID%
GET	/v1/%UUID%/volumes/%UUID%
GET	/v1/%UUID%/volumes/%UUID%
GET	/v1/%UUID%/volumes/%UUID%
GET	/v1/%UUID%/volumes/%UUID%
GET	/v1/%UUID%/volumes/%UUID%
GET	/v1/%UUID%/volumes/%UUID%
GET	/v1/%UUID%/volumes/%UUID%
GET	/v1/%UUID%/volumes/%UUID%
GET	/v1/%UUID%/volumes/%UUID%
GET	/v1/%UUID%/volumes/%UUID%
DELETE	/v1/%UUID%/qos-specs/%UUID%
GET	/v1/%UUID%/qos-specs/%UUID%
POST	/v2/%UUID%/volumes
GET	/v2/%UUID%/volumes/%UUID%
GET	/v2/%UUID%/volumes/%UUID%
##create_test_qos_specs##
POST	/v2/%UUID%/qos-specs
POST	/v2/%UUID%/volumes/%UUID%/action
##test_volume_force_delete_when_volume_is_attaching##
POST	/v2/%UUID%/volumes
GET	/v2/%UUID%/volumes/%UUID%
GET	/v2/%UUID%/volumes/%UUID%
POST	/v2/%UUID%/volumes/%UUID%/action
POST	/v2/%UUID%/volumes/%UUID%/action
GET	/v2/%UUID%/volumes/%UUID%
GET	/v2/%UUID%/volumes/%UUID%
GET	/v2/%UUID%/volumes/%UUID%
GET	/v2/%UUID%/volumes/%UUID%
GET	/v2/%UUID%/volumes/%UUID%
GET	/v2/%UUID%/volumes/%UUID%
GET	/v2/%UUID%/volumes/%UUID%
GET	/v2/%UUID%/volumes/%UUID%
GET	/v2/%UUID%/volumes/%UUID%
GET	/v2/%UUID%/volumes/%UUID%
GET	/v2/%UUID%/volumes/%UUID%
GET	/v2/%UUID%/volumes/%UUID%
GET	/v2/%UUID%/volumes/%UUID%
GET	/v2/%UUID%/volumes/%UUID%
GET	/v2/%UUID%/volumes/%UUID%
GET	/v2/%UUID%/volumes/%UUID%
GET	/v2/%UUID%/volumes/%UUID%
GET	/v2/%UUID%/volumes/%UUID%
GET	/v2/%UUID%/volumes/%UUID%
GET	/v2/%UUID%/volumes/%UUID%
GET	/v2/%UUID%/volumes/%UUID%
GET	/v2/%UUID%/volumes/%UUID%
GET	/v2/%UUID%/volumes/%UUID%
GET	/v2/%UUID%/volumes/%UUID%
GET	/v2/%UUID%/volumes/%UUID%
GET	/v2/%UUID%/volumes/%UUID%
POST	/v2/%UUID%/volumes/%UUID%/action
##test_volume_force_delete_when_volume_is_creating##
POST	/v2/%UUID%/volumes
GET	/v2/%UUID%/volumes/%UUID%
GET	/v2/%UUID%/volumes/%UUID%
POST	/v2/%UUID%/volumes/%UUID%/action
POST	/v2/%UUID%/volumes/%UUID%/action
GET	/v2/%UUID%/volumes/%UUID%
GET	/v2/%UUID%/volumes/%UUID%
GET	/v2/%UUID%/volumes/%UUID%
GET	/v2/%UUID%/volumes/%UUID%
GET	/v2/%UUID%/volumes/%UUID%
GET	/v2/%UUID%/volumes/%UUID%
GET	/v2/%UUID%/volumes/%UUID%
GET	/v2/%UUID%/volumes/%UUID%
GET	/v2/%UUID%/volumes/%UUID%
GET	/v2/%UUID%/volumes/%UUID%
GET	/v2/%UUID%/volumes/%UUID%
GET	/v2/%UUID%/volumes/%UUID%
GET	/v2/%UUID%/volumes/%UUID%
GET	/v2/%UUID%/volumes/%UUID%
GET	/v2/%UUID%/volumes/%UUID%
GET	/v2/%UUID%/volumes/%UUID%
GET	/v2/%UUID%/volumes/%UUID%
GET	/v2/%UUID%/volumes/%UUID%
GET	/v2/%UUID%/volumes/%UUID%
GET	/v2/%UUID%/volumes/%UUID%
GET	/v2/%UUID%/volumes/%UUID%
GET	/v2/%UUID%/volumes/%UUID%
GET	/v2/%UUID%/volumes/%UUID%
GET	/v2/%UUID%/volumes/%UUID%
GET	/v2/%UUID%/volumes/%UUID%
GET	/v2/%UUID%/volumes/%UUID%
GET	/v2/%UUID%/volumes/%UUID%
GET	/v2/%UUID%/volumes/%UUID%
GET	/v2/%UUID%/volumes/%UUID%
POST	/v2/%UUID%/volumes/%UUID%/action
##test_volume_force_delete_when_volume_is_error##
POST	/v2/%UUID%/volumes
GET	/v2/%UUID%/volumes/%UUID%
GET	/v2/%UUID%/volumes/%UUID%
POST	/v2/%UUID%/volumes/%UUID%/action
POST	/v2/%UUID%/volumes/%UUID%/action
GET	/v2/%UUID%/volumes/%UUID%
GET	/v2/%UUID%/volumes/%UUID%
GET	/v2/%UUID%/volumes/%UUID%
GET	/v2/%UUID%/volumes/%UUID%
GET	/v2/%UUID%/volumes/%UUID%
GET	/v2/%UUID%/volumes/%UUID%
GET	/v2/%UUID%/volumes/%UUID%
GET	/v2/%UUID%/volumes/%UUID%
GET	/v2/%UUID%/volumes/%UUID%
GET	/v2/%UUID%/volumes/%UUID%
GET	/v2/%UUID%/volumes/%UUID%
GET	/v2/%UUID%/volumes/%UUID%
GET	/v2/%UUID%/volumes/%UUID%
GET	/v2/%UUID%/volumes/%UUID%
GET	/v2/%UUID%/volumes/%UUID%
GET	/v2/%UUID%/volumes/%UUID%
GET	/v2/%UUID%/volumes/%UUID%
GET	/v2/%UUID%/volumes/%UUID%
GET	/v2/%UUID%/volumes/%UUID%
GET	/v2/%UUID%/volumes/%UUID%
GET	/v2/%UUID%/volumes/%UUID%
GET	/v2/%UUID%/volumes/%UUID%
GET	/v2/%UUID%/volumes/%UUID%
GET	/v2/%UUID%/volumes/%UUID%
GET	/v2/%UUID%/volumes/%UUID%
GET	/v2/%UUID%/volumes/%UUID%
GET	/v2/%UUID%/volumes/%UUID%
GET	/v2/%UUID%/volumes/%UUID%
POST	/v2/%UUID%/volumes/%UUID%/action
##test_volume_reset_status##
POST	/v2/%UUID%/volumes/%UUID%/action
GET	/v2/%UUID%/volumes/%UUID%
POST	/v2/%UUID%/volumes/%UUID%/action
DELETE	/v2/%UUID%/volumes/%UUID%
GET	/v2/%UUID%/volumes/%UUID%
GET	/v2/%UUID%/volumes/%UUID%
GET	/v2/%UUID%/volumes/%UUID%
GET	/v2/%UUID%/volumes/%UUID%
GET	/v2/%UUID%/volumes/%UUID%
GET	/v2/%UUID%/volumes/%UUID%
GET	/v2/%UUID%/volumes/%UUID%
GET	/v2/%UUID%/volumes/%UUID%
GET	/v2/%UUID%/volumes/%UUID%
GET	/v2/%UUID%/volumes/%UUID%
GET	/v2/%UUID%/volumes/%UUID%
GET	/v2/%UUID%/volumes/%UUID%
GET	/v2/%UUID%/volumes/%UUID%
GET	/v2/%UUID%/volumes/%UUID%
GET	/v2/%UUID%/volumes/%UUID%
GET	/v2/%UUID%/volumes/%UUID%
GET	/v2/%UUID%/volumes/%UUID%
GET	/v2/%UUID%/volumes/%UUID%
GET	/v2/%UUID%/volumes/%UUID%
GET	/v2/%UUID%/volumes/%UUID%
GET	/v2/%UUID%/volumes/%UUID%
GET	/v2/%UUID%/volumes/%UUID%
GET	/v2/%UUID%/volumes/%UUID%
GET	/v2/%UUID%/volumes/%UUID%
GET	/v2/%UUID%/volumes/%UUID%
GET	/v2/%UUID%/volumes/%UUID%
GET	/v2/%UUID%/volumes/%UUID%
GET	/v2/%UUID%/volumes/%UUID%
GET	/v2/%UUID%/volumes/%UUID%
DELETE	/v2/%UUID%/qos-specs/%UUID%
GET	/v2/%UUID%/qos-specs/%UUID%
